<?xml version="1.0" encoding="UTF-8"?>
<!-- Generated by org.testng.reporters.JUnitReportReporter -->
<testsuite hostname="LAPTOP-04AKG4B2" failures="0" tests="3" name="alasana.tests.E2ETest" time="43.941" errors="0" timestamp="2024-03-26T11:39:28 IST" skipped="0">
  <testcase classname="alasana.tests.E2ETest" name="SubmitOrder" time="15.085"/>
  <testcase classname="alasana.tests.E2ETest" name="orderHistory" time="17.452"/>
  <testcase classname="alasana.tests.E2ETest" name="SubmitOrder" time="11.404"/>
</testsuite> <!-- alasana.tests.E2ETest -->
